build/outputs/logs/manifest-merger-release-report.txt
-- Merging decision tree log ---
manifest
ADDED from GitHub\MyPhone\AndroidManifest.xml:2:1-308:12
	package
		ADDED from GitHub\MyPhone\AndroidManifest.xml:3:5-27
	android:versionCode
		ADDED from GitHub\MyPhone\AndroidManifest.xml:5:5-31
		INJECTED from GitHub\MyPhone\AndroidManifest.xml
		INJECTED from GitHub\MyPhone\AndroidManifest.xml
	xmlns:android
		ADDED from GitHub\MyPhone\AndroidManifest.xml:2:11-69
	android:installLocation
		ADDED from GitHub\MyPhone\AndroidManifest.xml:4:5-35
uses-sdk
ADDED from GitHub\MyPhone\AndroidManifest.xml:7:5-9:41
MERGED from [MyPhone:library:unspecified] AndroidManifest.xml:8:5-10:41
MERGED from [com.android.support:appcompat-v7:23.3.0] AndroidManifest.xml:21:5-23:78
MERGED from [com.android.support:support-vector-drawable:23.3.0] AndroidManifest.xml:5:5-43
MERGED from [com.android.support:support-v4:23.3.0] AndroidManifest.xml:20:5-43
MERGED from [com.android.support:animated-vector-drawable:23.3.0] AndroidManifest.xml:5:5-44
MERGED from [com.android.support:support-vector-drawable:23.3.0] AndroidManifest.xml:5:5-43
MERGED from [com.android.support:support-v4:23.3.0] AndroidManifest.xml:20:5-43
MERGED from [com.android.support:support-v4:23.3.0] AndroidManifest.xml:20:5-43
MERGED from [com.google.android.gms:play-services-appindexing:8.1.0] AndroidManifest.xml:18:5-42
MERGED from [com.google.android.gms:play-services-basement:8.1.0] AndroidManifest.xml:18:5-42
MERGED from [com.android.support:support-v4:23.3.0] AndroidManifest.xml:20:5-43
	tools:overrideLibrary
		ADDED from [com.android.support:appcompat-v7:23.3.0] AndroidManifest.xml:23:9-75
	android:targetSdkVersion
		ADDED from GitHub\MyPhone\AndroidManifest.xml:9:9-38
		INJECTED from GitHub\MyPhone\AndroidManifest.xml
		INJECTED from GitHub\MyPhone\AndroidManifest.xml
	android:minSdkVersion
		ADDED from GitHub\MyPhone\AndroidManifest.xml:8:9-35
permission#org.linphone.permission.C2D_MESSAGE
ADDED from GitHub\MyPhone\AndroidManifest.xml:12:5-14:47
	android:protectionLevel
		ADDED from GitHub\MyPhone\AndroidManifest.xml:14:9-44
	android:name
		ADDED from GitHub\MyPhone\AndroidManifest.xml:13:9-59
uses-permission#org.linphone.permission.C2D_MESSAGE
ADDED from GitHub\MyPhone\AndroidManifest.xml:16:5-75
	android:name
		ADDED from GitHub\MyPhone\AndroidManifest.xml:16:22-72
uses-permission#com.google.android.c2dm.permission.RECEIVE
ADDED from GitHub\MyPhone\AndroidManifest.xml:18:5-82
	android:name
		ADDED from GitHub\MyPhone\AndroidManifest.xml:18:22-79
uses-permission#android.permission.INTERNET
ADDED from GitHub\MyPhone\AndroidManifest.xml:19:5-67
	android:name
		ADDED from GitHub\MyPhone\AndroidManifest.xml:19:22-64
uses-permission#android.permission.RECORD_AUDIO
ADDED from GitHub\MyPhone\AndroidManifest.xml:20:5-71
	android:name
		ADDED from GitHub\MyPhone\AndroidManifest.xml:20:22-68
uses-permission#android.permission.READ_CONTACTS
ADDED from GitHub\MyPhone\AndroidManifest.xml:21:5-72
	android:name
		ADDED from GitHub\MyPhone\AndroidManifest.xml:21:22-69
uses-permission#android.permission.MODIFY_AUDIO_SETTINGS
ADDED from GitHub\MyPhone\AndroidManifest.xml:22:5-80
	android:name
		ADDED from GitHub\MyPhone\AndroidManifest.xml:22:22-77
uses-permission#android.permission.ACCESS_NETWORK_STATE
ADDED from GitHub\MyPhone\AndroidManifest.xml:23:5-79
	android:name
		ADDED from GitHub\MyPhone\AndroidManifest.xml:23:22-76
uses-permission#android.permission.WAKE_LOCK
ADDED from GitHub\MyPhone\AndroidManifest.xml:24:5-68
	android:name
		ADDED from GitHub\MyPhone\AndroidManifest.xml:24:22-65
uses-permission#android.permission.PROCESS_OUTGOING_CALLS
ADDED from GitHub\MyPhone\AndroidManifest.xml:25:5-81
	android:name
		ADDED from GitHub\MyPhone\AndroidManifest.xml:25:22-78
uses-permission#android.permission.CALL_PHONE
ADDED from GitHub\MyPhone\AndroidManifest.xml:26:5-69
	android:name
		ADDED from GitHub\MyPhone\AndroidManifest.xml:26:22-66
uses-feature#android.hardware.telephony
ADDED from GitHub\MyPhone\AndroidManifest.xml:28:5-30:36
	android:required
		ADDED from GitHub\MyPhone\AndroidManifest.xml:30:9-33
	android:name
		ADDED from GitHub\MyPhone\AndroidManifest.xml:29:9-50
uses-permission#android.permission.RECEIVE_BOOT_COMPLETED
ADDED from GitHub\MyPhone\AndroidManifest.xml:32:5-81
	android:name
		ADDED from GitHub\MyPhone\AndroidManifest.xml:32:22-78
uses-permission#android.permission.VIBRATE
ADDED from GitHub\MyPhone\AndroidManifest.xml:33:5-66
	android:name
		ADDED from GitHub\MyPhone\AndroidManifest.xml:33:22-63
uses-permission#android.permission.CAMERA
ADDED from GitHub\MyPhone\AndroidManifest.xml:34:5-65
	android:name
		ADDED from GitHub\MyPhone\AndroidManifest.xml:34:22-62
uses-feature#android.hardware.camera
ADDED from GitHub\MyPhone\AndroidManifest.xml:36:5-38:36
	android:required
		ADDED from GitHub\MyPhone\AndroidManifest.xml:38:9-33
	android:name
		ADDED from GitHub\MyPhone\AndroidManifest.xml:37:9-47
uses-permission#android.permission.READ_LOGS
ADDED from GitHub\MyPhone\AndroidManifest.xml:40:5-68
	android:name
		ADDED from GitHub\MyPhone\AndroidManifest.xml:40:22-65
uses-permission#android.permission.READ_PHONE_STATE
ADDED from GitHub\MyPhone\AndroidManifest.xml:41:5-75
	android:name
		ADDED from GitHub\MyPhone\AndroidManifest.xml:41:22-72
uses-permission#android.permission.WRITE_EXTERNAL_STORAGE
ADDED from GitHub\MyPhone\AndroidManifest.xml:43:5-81
	android:name
		ADDED from GitHub\MyPhone\AndroidManifest.xml:43:22-78
uses-permission#android.permission.WRITE_CONTACTS
ADDED from GitHub\MyPhone\AndroidManifest.xml:45:5-73
	android:name
		ADDED from GitHub\MyPhone\AndroidManifest.xml:45:22-70
uses-permission#android.permission.BLUETOOTH
ADDED from GitHub\MyPhone\AndroidManifest.xml:47:5-68
	android:name
		ADDED from GitHub\MyPhone\AndroidManifest.xml:47:22-65
uses-permission#android.permission.BROADCAST_STICKY
ADDED from GitHub\MyPhone\AndroidManifest.xml:48:5-75
	android:name
		ADDED from GitHub\MyPhone\AndroidManifest.xml:48:22-72
uses-permission#android.permission.GET_ACCOUNTS
ADDED from GitHub\MyPhone\AndroidManifest.xml:50:5-71
	android:name
		ADDED from GitHub\MyPhone\AndroidManifest.xml:50:22-68
uses-permission#android.permission.ACCESS_WIFI_STATE
ADDED from GitHub\MyPhone\AndroidManifest.xml:51:5-76
	android:name
		ADDED from GitHub\MyPhone\AndroidManifest.xml:51:22-73
uses-permission#android.permission.CHANGE_WIFI_MULTICAST_STATE
ADDED from GitHub\MyPhone\AndroidManifest.xml:52:5-86
	android:name
		ADDED from GitHub\MyPhone\AndroidManifest.xml:52:22-83
uses-permission#android.permission.READ_SYNC_SETTINGS
ADDED from GitHub\MyPhone\AndroidManifest.xml:53:5-77
	android:name
		ADDED from GitHub\MyPhone\AndroidManifest.xml:53:22-74
uses-permission#android.permission.WRITE_SYNC_SETTINGS
ADDED from GitHub\MyPhone\AndroidManifest.xml:54:5-78
	android:name
		ADDED from GitHub\MyPhone\AndroidManifest.xml:54:22-75
uses-permission#android.permission.AUTHENTICATE_ACCOUNTS
ADDED from GitHub\MyPhone\AndroidManifest.xml:55:5-80
	android:name
		ADDED from GitHub\MyPhone\AndroidManifest.xml:55:22-77
uses-permission#android.permission.SYSTEM_ALERT_WINDOW
ADDED from GitHub\MyPhone\AndroidManifest.xml:56:5-77
	android:name
		ADDED from GitHub\MyPhone\AndroidManifest.xml:56:22-75
supports-screens
ADDED from GitHub\MyPhone\AndroidManifest.xml:57:5-62:40
	android:largeScreens
		ADDED from GitHub\MyPhone\AndroidManifest.xml:59:9-36
	android:smallScreens
		ADDED from GitHub\MyPhone\AndroidManifest.xml:61:9-36
	android:normalScreens
		ADDED from GitHub\MyPhone\AndroidManifest.xml:60:9-37
	android:xlargeScreens
		ADDED from GitHub\MyPhone\AndroidManifest.xml:62:9-37
	android:anyDensity
		ADDED from GitHub\MyPhone\AndroidManifest.xml:58:9-34
uses-permission#android.permission.READ_EXTERNAL_STORAGE
ADDED from GitHub\MyPhone\AndroidManifest.xml:64:5-80
	android:name
		ADDED from GitHub\MyPhone\AndroidManifest.xml:64:22-77
application
ADDED from GitHub\MyPhone\AndroidManifest.xml:66:5-306:19
MERGED from [com.android.support:appcompat-v7:23.3.0] AndroidManifest.xml:25:5-20
MERGED from [com.android.support:support-vector-drawable:23.3.0] AndroidManifest.xml:7:5-20
MERGED from [com.android.support:support-v4:23.3.0] AndroidManifest.xml:22:5-20
MERGED from [com.android.support:animated-vector-drawable:23.3.0] AndroidManifest.xml:7:5-20
MERGED from [com.android.support:support-vector-drawable:23.3.0] AndroidManifest.xml:7:5-20
MERGED from [com.android.support:support-v4:23.3.0] AndroidManifest.xml:22:5-20
MERGED from [com.android.support:support-v4:23.3.0] AndroidManifest.xml:22:5-20
MERGED from [com.google.android.gms:play-services-appindexing:8.1.0] AndroidManifest.xml:19:5-20
MERGED from [com.google.android.gms:play-services-basement:8.1.0] AndroidManifest.xml:20:5-24:19
MERGED from [com.android.support:support-v4:23.3.0] AndroidManifest.xml:22:5-20
	android:label
		ADDED from GitHub\MyPhone\AndroidManifest.xml:69:9-41
	android:allowBackup
		ADDED from GitHub\MyPhone\AndroidManifest.xml:67:9-35
	android:icon
		ADDED from GitHub\MyPhone\AndroidManifest.xml:68:9-47
	android:largeHeap
		ADDED from GitHub\MyPhone\AndroidManifest.xml:70:9-33
activity#org.linphone.LinphoneLauncherActivity
ADDED from GitHub\MyPhone\AndroidManifest.xml:71:9-108:20
	android:label
		ADDED from GitHub\MyPhone\AndroidManifest.xml:74:13-45
	android:exported
		ADDED from GitHub\MyPhone\AndroidManifest.xml:73:13-36
	android:windowSoftInputMode
		ADDED from GitHub\MyPhone\AndroidManifest.xml:76:13-64
	android:theme
		ADDED from GitHub\MyPhone\AndroidManifest.xml:75:13-43
	android:name
		ADDED from GitHub\MyPhone\AndroidManifest.xml:72:13-53
intent-filter#android.intent.action.MAIN+android.intent.category.LAUNCHER
ADDED from GitHub\MyPhone\AndroidManifest.xml:77:13-81:29
action#android.intent.action.MAIN
ADDED from GitHub\MyPhone\AndroidManifest.xml:78:17-69
	android:name
		ADDED from GitHub\MyPhone\AndroidManifest.xml:78:25-66
category#android.intent.category.LAUNCHER
ADDED from GitHub\MyPhone\AndroidManifest.xml:80:17-77
	android:name
		ADDED from GitHub\MyPhone\AndroidManifest.xml:80:27-74
intent-filter#android.intent.action.CALL+android.intent.action.CALL_PRIVILEGED+android.intent.category.DEFAULT
ADDED from GitHub\MyPhone\AndroidManifest.xml:82:13-91:29
action#android.intent.action.CALL
ADDED from GitHub\MyPhone\AndroidManifest.xml:83:17-69
	android:name
		ADDED from GitHub\MyPhone\AndroidManifest.xml:83:25-66
action#android.intent.action.CALL_PRIVILEGED
ADDED from GitHub\MyPhone\AndroidManifest.xml:84:17-80
	android:name
		ADDED from GitHub\MyPhone\AndroidManifest.xml:84:25-77
category#android.intent.category.DEFAULT
ADDED from GitHub\MyPhone\AndroidManifest.xml:86:17-76
	android:name
		ADDED from GitHub\MyPhone\AndroidManifest.xml:86:27-73
data
ADDED from GitHub\MyPhone\AndroidManifest.xml:88:17-46
	android:scheme
		ADDED from GitHub\MyPhone\AndroidManifest.xml:88:23-43
intent-filter#android.intent.action.SENDTO+android.intent.category.DEFAULT
ADDED from GitHub\MyPhone\AndroidManifest.xml:92:13-99:29
action#android.intent.action.SENDTO
ADDED from GitHub\MyPhone\AndroidManifest.xml:93:17-71
	android:name
		ADDED from GitHub\MyPhone\AndroidManifest.xml:93:25-68
intent-filter#android.intent.action.VIEW+android.intent.category.BROWSABLE+android.intent.category.DEFAULT
ADDED from GitHub\MyPhone\AndroidManifest.xml:100:13-107:29
action#android.intent.action.VIEW
ADDED from GitHub\MyPhone\AndroidManifest.xml:103:17-69
	android:name
		ADDED from GitHub\MyPhone\AndroidManifest.xml:103:25-66
category#android.intent.category.BROWSABLE
ADDED from GitHub\MyPhone\AndroidManifest.xml:105:17-78
	android:name
		ADDED from GitHub\MyPhone\AndroidManifest.xml:105:27-75
activity#org.linphone.LinphoneActivity
ADDED from GitHub\MyPhone\AndroidManifest.xml:109:9-118:20
	android:screenOrientation
		ADDED from GitHub\MyPhone\AndroidManifest.xml:112:13-47
	android:launchMode
		ADDED from GitHub\MyPhone\AndroidManifest.xml:111:13-44
	android:windowSoftInputMode
		ADDED from GitHub\MyPhone\AndroidManifest.xml:114:13-52
	android:theme
		ADDED from GitHub\MyPhone\AndroidManifest.xml:113:13-43
	android:name
		ADDED from GitHub\MyPhone\AndroidManifest.xml:110:13-45
intent-filter#android.intent.action.MAIN
ADDED from GitHub\MyPhone\AndroidManifest.xml:115:13-117:29
activity#org.linphone.CallIncomingActivity
ADDED from GitHub\MyPhone\AndroidManifest.xml:119:9-128:20
	android:screenOrientation
		ADDED from GitHub\MyPhone\AndroidManifest.xml:123:13-47
	android:launchMode
		ADDED from GitHub\MyPhone\AndroidManifest.xml:121:13-43
	android:noHistory
		ADDED from GitHub\MyPhone\AndroidManifest.xml:122:13-37
	android:theme
		ADDED from GitHub\MyPhone\AndroidManifest.xml:124:13-43
	android:name
		ADDED from GitHub\MyPhone\AndroidManifest.xml:120:13-49
activity#org.linphone.CallOutgoingActivity
ADDED from GitHub\MyPhone\AndroidManifest.xml:129:9-138:20
	android:screenOrientation
		ADDED from GitHub\MyPhone\AndroidManifest.xml:133:13-47
	android:launchMode
		ADDED from GitHub\MyPhone\AndroidManifest.xml:131:13-43
	android:noHistory
		ADDED from GitHub\MyPhone\AndroidManifest.xml:132:13-37
	android:theme
		ADDED from GitHub\MyPhone\AndroidManifest.xml:134:13-43
	android:name
		ADDED from GitHub\MyPhone\AndroidManifest.xml:130:13-49
activity#org.linphone.CallActivity
ADDED from GitHub\MyPhone\AndroidManifest.xml:139:9-156:20
	android:launchMode
		ADDED from GitHub\MyPhone\AndroidManifest.xml:141:13-43
	android:noHistory
		ADDED from GitHub\MyPhone\AndroidManifest.xml:142:13-37
	android:theme
		ADDED from GitHub\MyPhone\AndroidManifest.xml:143:13-46
	android:name
		ADDED from GitHub\MyPhone\AndroidManifest.xml:140:13-41
activity#org.linphone.assistant.AssistantActivity
ADDED from GitHub\MyPhone\AndroidManifest.xml:157:9-164:20
	android:screenOrientation
		ADDED from GitHub\MyPhone\AndroidManifest.xml:159:13-47
	android:theme
		ADDED from GitHub\MyPhone\AndroidManifest.xml:160:13-43
	android:name
		ADDED from GitHub\MyPhone\AndroidManifest.xml:158:13-56
activity#org.linphone.assistant.RemoteProvisioningLoginActivity
ADDED from GitHub\MyPhone\AndroidManifest.xml:165:9-172:20
	android:screenOrientation
		ADDED from GitHub\MyPhone\AndroidManifest.xml:167:13-49
	android:theme
		ADDED from GitHub\MyPhone\AndroidManifest.xml:168:13-43
	android:name
		ADDED from GitHub\MyPhone\AndroidManifest.xml:166:13-70
activity#org.linphone.assistant.RemoteProvisioningActivity
ADDED from GitHub\MyPhone\AndroidManifest.xml:173:9-188:20
	android:screenOrientation
		ADDED from GitHub\MyPhone\AndroidManifest.xml:175:13-49
	android:theme
		ADDED from GitHub\MyPhone\AndroidManifest.xml:176:13-43
	android:name
		ADDED from GitHub\MyPhone\AndroidManifest.xml:174:13-65
service#org.linphone.LinphoneService
ADDED from GitHub\MyPhone\AndroidManifest.xml:190:9-193:44
	android:label
		ADDED from GitHub\MyPhone\AndroidManifest.xml:192:13-49
	android:stopWithTask
		ADDED from GitHub\MyPhone\AndroidManifest.xml:193:13-41
	android:name
		ADDED from GitHub\MyPhone\AndroidManifest.xml:191:13-44
service#org.linphone.sync.SyncService
ADDED from GitHub\MyPhone\AndroidManifest.xml:194:9-207:19
	android:exported
		ADDED from GitHub\MyPhone\AndroidManifest.xml:196:13-36
	android:name
		ADDED from GitHub\MyPhone\AndroidManifest.xml:195:13-45
intent-filter#android.content.SyncAdapter
ADDED from GitHub\MyPhone\AndroidManifest.xml:197:13-199:29
action#android.content.SyncAdapter
ADDED from GitHub\MyPhone\AndroidManifest.xml:198:17-70
	android:name
		ADDED from GitHub\MyPhone\AndroidManifest.xml:198:25-67
meta-data#android.content.SyncAdapter
ADDED from GitHub\MyPhone\AndroidManifest.xml:201:13-203:55
	android:resource
		ADDED from GitHub\MyPhone\AndroidManifest.xml:203:17-52
	android:name
		ADDED from GitHub\MyPhone\AndroidManifest.xml:202:17-59
meta-data#android.provider.CONTACTS_STRUCTURE
ADDED from GitHub\MyPhone\AndroidManifest.xml:204:13-206:52
	android:resource
		ADDED from GitHub\MyPhone\AndroidManifest.xml:206:17-49
	android:name
		ADDED from GitHub\MyPhone\AndroidManifest.xml:205:17-67
service#org.linphone.sync.AuthenticationService
ADDED from GitHub\MyPhone\AndroidManifest.xml:209:9-217:19
	android:name
		ADDED from GitHub\MyPhone\AndroidManifest.xml:209:18-60
intent-filter#android.accounts.AccountAuthenticator
ADDED from GitHub\MyPhone\AndroidManifest.xml:210:13-212:29
action#android.accounts.AccountAuthenticator
ADDED from GitHub\MyPhone\AndroidManifest.xml:211:17-80
	android:name
		ADDED from GitHub\MyPhone\AndroidManifest.xml:211:25-77
meta-data#android.accounts.AccountAuthenticator
ADDED from GitHub\MyPhone\AndroidManifest.xml:214:13-216:57
	android:resource
		ADDED from GitHub\MyPhone\AndroidManifest.xml:216:17-54
	android:name
		ADDED from GitHub\MyPhone\AndroidManifest.xml:215:17-69
service#messagefloatview.FloatViewService
ADDED from GitHub\MyPhone\AndroidManifest.xml:218:9-220:39
	android:exported
		ADDED from GitHub\MyPhone\AndroidManifest.xml:220:13-37
	android:name
		ADDED from GitHub\MyPhone\AndroidManifest.xml:219:13-61
receiver#org.linphone.NetworkManager
ADDED from GitHub\MyPhone\AndroidManifest.xml:221:9-225:20
	android:name
		ADDED from GitHub\MyPhone\AndroidManifest.xml:221:19-49
intent-filter#android.net.conn.CONNECTIVITY_CHANGE
ADDED from GitHub\MyPhone\AndroidManifest.xml:222:13-224:29
action#android.net.conn.CONNECTIVITY_CHANGE
ADDED from GitHub\MyPhone\AndroidManifest.xml:223:17-79
	android:name
		ADDED from GitHub\MyPhone\AndroidManifest.xml:223:25-76
receiver#org.linphone.BluetoothManager
ADDED from GitHub\MyPhone\AndroidManifest.xml:226:9-228:39
	android:enabled
		ADDED from GitHub\MyPhone\AndroidManifest.xml:228:13-36
	android:name
		ADDED from GitHub\MyPhone\AndroidManifest.xml:227:13-45
receiver#org.linphone.BootReceiver
ADDED from GitHub\MyPhone\AndroidManifest.xml:229:9-233:20
	android:name
		ADDED from GitHub\MyPhone\AndroidManifest.xml:229:19-47
intent-filter#android.intent.action.BOOT_COMPLETED
ADDED from GitHub\MyPhone\AndroidManifest.xml:230:13-232:29
action#android.intent.action.BOOT_COMPLETED
ADDED from GitHub\MyPhone\AndroidManifest.xml:231:17-79
	android:name
		ADDED from GitHub\MyPhone\AndroidManifest.xml:231:25-76
receiver#org.linphone.PhoneStateChangedReceiver
ADDED from GitHub\MyPhone\AndroidManifest.xml:234:9-238:20
	android:name
		ADDED from GitHub\MyPhone\AndroidManifest.xml:234:19-60
intent-filter#android.intent.action.PHONE_STATE
ADDED from GitHub\MyPhone\AndroidManifest.xml:235:13-237:29
action#android.intent.action.PHONE_STATE
ADDED from GitHub\MyPhone\AndroidManifest.xml:236:17-76
	android:name
		ADDED from GitHub\MyPhone\AndroidManifest.xml:236:25-73
receiver#org.linphone.KeepAliveHandler
ADDED from GitHub\MyPhone\AndroidManifest.xml:239:9-54
	android:name
		ADDED from GitHub\MyPhone\AndroidManifest.xml:239:19-51
receiver#org.linphone.gcm.GCMReceiver
ADDED from GitHub\MyPhone\AndroidManifest.xml:242:9-252:20
	android:permission
		ADDED from GitHub\MyPhone\AndroidManifest.xml:244:13-73
	android:name
		ADDED from GitHub\MyPhone\AndroidManifest.xml:243:13-44
intent-filter#com.google.android.c2dm.intent.RECEIVE+com.google.android.c2dm.intent.REGISTRATION+org.linphone
ADDED from GitHub\MyPhone\AndroidManifest.xml:245:13-251:29
action#com.google.android.c2dm.intent.RECEIVE
ADDED from GitHub\MyPhone\AndroidManifest.xml:246:17-81
	android:name
		ADDED from GitHub\MyPhone\AndroidManifest.xml:246:25-78
action#com.google.android.c2dm.intent.REGISTRATION
ADDED from GitHub\MyPhone\AndroidManifest.xml:247:17-86
	android:name
		ADDED from GitHub\MyPhone\AndroidManifest.xml:247:25-83
category#org.linphone
ADDED from GitHub\MyPhone\AndroidManifest.xml:249:17-57
	android:name
		ADDED from GitHub\MyPhone\AndroidManifest.xml:249:27-54
service#org.linphone.gcm.GCMService
ADDED from GitHub\MyPhone\AndroidManifest.xml:254:9-51
	android:name
		ADDED from GitHub\MyPhone\AndroidManifest.xml:254:18-48
activity#org.linphone.tutorials.TutorialLauncherActivity
ADDED from GitHub\MyPhone\AndroidManifest.xml:256:9-262:20
	android:theme
		ADDED from GitHub\MyPhone\AndroidManifest.xml:258:13-43
	android:name
		ADDED from GitHub\MyPhone\AndroidManifest.xml:257:13-63
activity#org.linphone.tutorials.TutorialBuddyStatusActivity
ADDED from GitHub\MyPhone\AndroidManifest.xml:263:9-269:20
	android:theme
		ADDED from GitHub\MyPhone\AndroidManifest.xml:265:13-43
	android:name
		ADDED from GitHub\MyPhone\AndroidManifest.xml:264:13-66
activity#org.linphone.tutorials.TutorialChatRoomActivity
ADDED from GitHub\MyPhone\AndroidManifest.xml:270:9-276:20
	android:theme
		ADDED from GitHub\MyPhone\AndroidManifest.xml:272:13-43
	android:name
		ADDED from GitHub\MyPhone\AndroidManifest.xml:271:13-63
activity#org.linphone.tutorials.TutorialHelloWorldActivity
ADDED from GitHub\MyPhone\AndroidManifest.xml:277:9-283:20
	android:theme
		ADDED from GitHub\MyPhone\AndroidManifest.xml:279:13-43
	android:name
		ADDED from GitHub\MyPhone\AndroidManifest.xml:278:13-65
activity#org.linphone.tutorials.TutorialRegistrationActivity
ADDED from GitHub\MyPhone\AndroidManifest.xml:284:9-290:20
	android:theme
		ADDED from GitHub\MyPhone\AndroidManifest.xml:286:13-43
	android:name
		ADDED from GitHub\MyPhone\AndroidManifest.xml:285:13-67
activity#org.linphone.ChatActivity
ADDED from GitHub\MyPhone\AndroidManifest.xml:291:9-297:20
	android:theme
		ADDED from GitHub\MyPhone\AndroidManifest.xml:293:13-43
	android:name
		ADDED from GitHub\MyPhone\AndroidManifest.xml:292:13-41
activity#org.linphone.MyLogin
ADDED from GitHub\MyPhone\AndroidManifest.xml:298:9-45
	android:name
		ADDED from GitHub\MyPhone\AndroidManifest.xml:298:19-42
activity#org.linphone.ContactEditorFragment
ADDED from GitHub\MyPhone\AndroidManifest.xml:299:9-59
	android:name
		ADDED from GitHub\MyPhone\AndroidManifest.xml:299:19-56
activity#org.linphone.MySetting
ADDED from GitHub\MyPhone\AndroidManifest.xml:300:9-47
	android:name
		ADDED from GitHub\MyPhone\AndroidManifest.xml:300:19-44
activity#org.linphone.MyAccountPreferenceActivity
ADDED from GitHub\MyPhone\AndroidManifest.xml:301:9-74
	android:name
		ADDED from GitHub\MyPhone\AndroidManifest.xml:301:19-62
meta-data#com.google.android.gms.version
ADDED from GitHub\MyPhone\AndroidManifest.xml:303:9-305:69
MERGED from [com.google.android.gms:play-services-basement:8.1.0] AndroidManifest.xml:21:9-23:69
	android:value
		ADDED from GitHub\MyPhone\AndroidManifest.xml:305:13-66
	android:name
		ADDED from GitHub\MyPhone\AndroidManifest.xml:304:13-58